INFO: Applying HLS Y2K22 patch v1.2 for IP revision
INFO: [HLS 200-10] Running '/tools/Xilinx/Vitis_HLS/2020.2/bin/unwrapped/lnx64.o/vitis_hls'
INFO: [HLS 200-10] For user 'tjaz' on host 'tjaz-XPS-15-9570' (Linux_x86_64 version 5.15.0-53-generic) on Tue Dec 13 15:36:26 CET 2022
INFO: [HLS 200-10] On os Ubuntu 20.04.5 LTS
INFO: [HLS 200-10] In directory '/home/tjaz/final_ass/FPGA_AI'
Sourcing Tcl script '/home/tjaz/final_ass/FPGA_AI/Neural_net_hls/solution1/csim.tcl'
INFO: [HLS 200-1510] Running: open_project Neural_net_hls 
INFO: [HLS 200-10] Opening project '/home/tjaz/final_ass/FPGA_AI/Neural_net_hls'.
INFO: [HLS 200-1510] Running: set_top nn_inference 
INFO: [HLS 200-1510] Running: add_files src/hls/matmul.hpp 
INFO: [HLS 200-10] Adding design file 'src/hls/matmul.hpp' to the project
INFO: [HLS 200-1510] Running: add_files src/hls/matmul.cpp 
INFO: [HLS 200-10] Adding design file 'src/hls/matmul.cpp' to the project
INFO: [HLS 200-1510] Running: add_files -tb src/hls/matmul_tb.cpp -cflags -Wno-unknown-pragmas -csimflags -Wno-unknown-pragmas 
INFO: [HLS 200-10] Adding test bench file 'src/hls/matmul_tb.cpp' to the project
INFO: [HLS 200-1510] Running: open_solution solution1 -flow_target vivado 
INFO: [HLS 200-10] Opening solution '/home/tjaz/final_ass/FPGA_AI/Neural_net_hls/solution1'.
INFO: [SYN 201-201] Setting up clock 'default' with a period of 10ns.
INFO: [HLS 200-10] Setting target device to 'xczu3eg-sbva484-1-i'
INFO: [HLS 200-1505] Using flow_target 'vivado'
Resolution: For help on HLS 200-1505 see www.xilinx.com/cgi-bin/docs/rdoc?v=2020.2;t=hls+guidance;d=200-1505.html
INFO: [HLS 200-1510] Running: set_part xczu3eg-sbva484-1-i 
INFO: [HLS 200-1510] Running: create_clock -period 10 -name default 
INFO: [HLS 200-1510] Running: set_directive_top -name nn_inference nn_inference 
INFO: [HLS 200-1510] Running: csim_design -quiet 
INFO: [SIM 211-2] *************** CSIM start ***************
INFO: [SIM 211-4] CSIM will launch GCC as the compiler.
   Compiling ../../../../src/hls/matmul_tb.cpp in debug mode
   Generating csim.exe

1
NN Prediction: 0


2
NN Prediction: 4


3
NN Prediction: 0


4
NN Prediction: 4


5
NN Prediction: 2


6
NN Prediction: 2


7
NN Prediction: 2


8
NN Prediction: 1


9
NN Prediction: 1


10
NN Prediction: 1


11
NN Prediction: 1


12
NN Prediction: 3


13
NN Prediction: 3


14
NN Prediction: 3


15
NN Prediction: 3


16
NN Prediction: 4


17
NN Prediction: 4


18
NN Prediction: 4

INFO: [SIM 211-1] CSim done with 0 errors.
INFO: [SIM 211-3] *************** CSIM finish ***************
INFO: [HLS 200-111] Finished Command csim_design CPU user time: 7.62 seconds. CPU system time: 0.58 seconds. Elapsed time: 7.57 seconds; current allocated memory: 93.248 MB.
