INFO: [SIM 2] *************** CSIM start ***************
INFO: [SIM 4] CSIM will launch GCC as the compiler.
   Compiling ../../../../src/hls/matmul_tb.cpp in debug mode
   Compiling ../../../../src/hls/matmul.cpp in debug mode
   Generating csim.exe

0
NN Prediction: 0


1
NN Prediction: 0


2
NN Prediction: 0


3
NN Prediction: 0


4
NN Prediction: 2


5
NN Prediction: 2


6
NN Prediction: 2


7
NN Prediction: 2


8
NN Prediction: 1


9
NN Prediction: 1


10
NN Prediction: 1


11
NN Prediction: 1


12
NN Prediction: 3


13
NN Prediction: 3


14
NN Prediction: 3


15
NN Prediction: 3


16
NN Prediction: 4


17
NN Prediction: 4


18
NN Prediction: 4


19
NN Prediction: 4

INFO: [SIM 1] CSim done with 0 errors.
INFO: [SIM 3] *************** CSIM finish ***************
